>/usr/lib/ghdl/gcc/vhdl/ieee/v93/
../../src/ieee/v93/std_logic_1164.vhdl
>/usr/lib/ghdl/gcc/vhdl/ieee/v93/
../../src/ieee/v93/std_logic_1164-body.vhdl
>/usr/lib/ghdl/gcc/vhdl/ieee/v93/
../../src/ieee/v93/numeric_std.vhdl
>/usr/lib/ghdl/gcc/vhdl/ieee/v93/
../../src/ieee/v93/numeric_std-body.vhdl
>
ram.vhdl
>
main_tb.vhdl
>
icache.vhdl
>
dcache.vhdl
>
arm_core.vhdl
>
ifetch.vhdl
>
fifo_32b.vhdl
>
Decod.vhdl
>
fifo_127b.vhdl
>
Reg.vhdl
>
EXec.vhdl
>
mux_2to1.vhdl
>
Shifter.vhdl
>
Alu.vhdl
>
fifo_72b.vhdl
>
mem.vhdl
